2017-12-26 18:56:19,948 INFO  [main] Application: Starting Application on zhaoyawendeMacBook-Pro.local with PID 5103 (/Users/zhaoyawen/IdeaProjects/MahjongGame/target/classes started by zhaoyawen in /Users/zhaoyawen/IdeaProjects/MahjongGame)
2017-12-26 18:56:19,951 DEBUG [main] Application: Running with Spring Boot v1.5.3.RELEASE, Spring v4.3.8.RELEASE
2017-12-26 18:56:19,951 INFO  [main] Application: The following profiles are active: dev
2017-12-26 18:56:19,975 DEBUG [background-preinit] logging: Logging Provider: org.jboss.logging.Slf4jLoggerProvider found via system property
2017-12-26 18:56:23,280 INFO  [localhost-startStop-1] WebConfigurer: Web application configuration, using profiles: [dev]
2017-12-26 18:56:23,281 INFO  [localhost-startStop-1] WebConfigurer: Web application fully configured
2017-12-26 18:56:26,046 INFO  [main] Application: Running with Spring profile(s) : [dev]
2017-12-26 18:56:32,032 INFO  [main] WebSocketConfig: 注册spring websocket开始
2017-12-26 18:56:32,042 INFO  [main] WebSocketConfig: 注册spring websocket成功
2017-12-26 18:56:32,854 WARN  [main] AbstractTemplateResolverConfiguration: Cannot find template location: /WEB-INF/templates/ (please add some templates or check your Thymeleaf configuration)
2017-12-26 18:56:34,019 INFO  [main] Application: Started Application in 15.07 seconds (JVM running for 20.401)
2017-12-26 18:56:34,021 INFO  [main] Application: Access URLs:
----------------------------------------------------------
	Local: 		https://127.0.0.1:9000/game
	External: 	https://127.0.0.1:9000/game
----------------------------------------------------------
2017-12-26 19:01:37,271 DEBUG [background-preinit] logging: Logging Provider: org.jboss.logging.Slf4jLoggerProvider found via system property
2017-12-26 19:01:37,288 INFO  [main] Application: Starting Application on zhaoyawendeMacBook-Pro.local with PID 5139 (/Users/zhaoyawen/IdeaProjects/MahjongGame/target/classes started by zhaoyawen in /Users/zhaoyawen/IdeaProjects/MahjongGame)
2017-12-26 19:01:37,288 DEBUG [main] Application: Running with Spring Boot v1.5.3.RELEASE, Spring v4.3.8.RELEASE
2017-12-26 19:01:37,289 INFO  [main] Application: The following profiles are active: dev
2017-12-26 19:01:40,247 INFO  [localhost-startStop-1] WebConfigurer: Web application configuration, using profiles: [dev]
2017-12-26 19:01:40,247 INFO  [localhost-startStop-1] WebConfigurer: Web application fully configured
2017-12-26 19:01:42,346 INFO  [main] Application: Running with Spring profile(s) : [dev]
2017-12-26 19:01:45,702 INFO  [main] WebSocketConfig: 注册spring websocket开始
2017-12-26 19:01:45,711 INFO  [main] WebSocketConfig: 注册spring websocket成功
2017-12-26 19:01:46,418 WARN  [main] AbstractTemplateResolverConfiguration: Cannot find template location: /WEB-INF/templates/ (please add some templates or check your Thymeleaf configuration)
2017-12-26 19:01:47,400 INFO  [main] Application: Started Application in 11.033 seconds (JVM running for 15.366)
2017-12-26 19:01:47,402 INFO  [main] Application: Access URLs:
----------------------------------------------------------
	Local: 		https://127.0.0.1:9000/game
	External: 	https://127.0.0.1:9000/game
----------------------------------------------------------
2017-12-26 19:03:01,853 DEBUG [background-preinit] logging: Logging Provider: org.jboss.logging.Slf4jLoggerProvider found via system property
2017-12-26 19:03:01,869 INFO  [main] Application: Starting Application on zhaoyawendeMacBook-Pro.local with PID 5157 (/Users/zhaoyawen/IdeaProjects/MahjongGame/target/classes started by zhaoyawen in /Users/zhaoyawen/IdeaProjects/MahjongGame)
2017-12-26 19:03:01,869 DEBUG [main] Application: Running with Spring Boot v1.5.3.RELEASE, Spring v4.3.8.RELEASE
2017-12-26 19:03:01,869 INFO  [main] Application: The following profiles are active: dev
2017-12-26 19:03:04,825 INFO  [localhost-startStop-1] WebConfigurer: Web application configuration, using profiles: [dev]
2017-12-26 19:03:04,826 INFO  [localhost-startStop-1] WebConfigurer: Web application fully configured
2017-12-26 19:03:06,869 INFO  [main] Application: Running with Spring profile(s) : [dev]
2017-12-26 19:03:23,447 INFO  [main] WebSocketConfig: 注册spring websocket开始
2017-12-26 19:03:23,453 INFO  [main] WebSocketConfig: 注册spring websocket成功
2017-12-26 19:03:24,210 WARN  [main] AbstractTemplateResolverConfiguration: Cannot find template location: /WEB-INF/templates/ (please add some templates or check your Thymeleaf configuration)
2017-12-26 19:03:25,166 INFO  [main] Application: Started Application in 24.271 seconds (JVM running for 28.767)
2017-12-26 19:03:25,169 INFO  [main] Application: Access URLs:
----------------------------------------------------------
	Local: 		https://127.0.0.1:9000/game
	External: 	https://127.0.0.1:9000/game
----------------------------------------------------------
2017-12-26 19:04:43,303 DEBUG [https-jsse-nio-9000-exec-9] HandshakeInterceptor: begin handshake
2017-12-26 19:04:43,304 DEBUG [https-jsse-nio-9000-exec-9] HandshakeInterceptor: 握手前...null
2017-12-26 19:04:43,385 DEBUG [https-jsse-nio-9000-exec-9] HandshakeInterceptor: 握手后...
2017-12-26 19:04:46,995 INFO  [https-jsse-nio-9000-exec-9] SystemWebSocketHandler: session 0 连接成功
2017-12-26 19:05:17,651 ERROR [https-jsse-nio-9000-exec-10] SystemWebSocketHandler: 请求消息错误
