2017-05-19 16:59:09,688 INFO  [main] Application: Starting Application on 172-13-7-223.lightspeed.mssnks.sbcglobal.net with PID 2537 (/Users/zhaoyawen/IdeaProjects/ChatEncrypt/chat/target/classes started by zhaoyawen in /Users/zhaoyawen/IdeaProjects/ChatEncrypt/chat)
2017-05-19 16:59:09,693 DEBUG [main] Application: Running with Spring Boot v1.5.3.RELEASE, Spring v4.3.8.RELEASE
2017-05-19 16:59:09,693 INFO  [main] Application: The following profiles are active: dev
2017-05-19 16:59:09,889 DEBUG [background-preinit] logging: Logging Provider: org.jboss.logging.Slf4jLoggerProvider found via system property
2017-05-19 16:59:12,986 INFO  [localhost-startStop-1] WebConfigurer: Web application configuration, using profiles: [dev]
2017-05-19 16:59:12,987 INFO  [localhost-startStop-1] WebConfigurer: Web application fully configured
2017-05-19 16:59:16,390 INFO  [main] Application: Running with Spring profile(s) : [dev]
2017-05-19 16:59:17,908 INFO  [main] WebSocketConfig: 注册spring websocket开始
2017-05-19 16:59:17,915 INFO  [main] WebSocketConfig: 注册spring websocket成功
2017-05-19 16:59:19,176 ERROR [main] Http11NioProtocol: Failed to start end point associated with ProtocolHandler ["https-jsse-nio-9000"]
java.net.BindException: Address already in use
	at sun.nio.ch.Net.bind0(Native Method)
	at sun.nio.ch.Net.bind(Net.java:433)
	at sun.nio.ch.Net.bind(Net.java:425)
	at sun.nio.ch.ServerSocketChannelImpl.bind(ServerSocketChannelImpl.java:223)
	at sun.nio.ch.ServerSocketAdaptor.bind(ServerSocketAdaptor.java:74)
	at org.apache.tomcat.util.net.NioEndpoint.bind(NioEndpoint.java:210)
	at org.apache.tomcat.util.net.AbstractEndpoint.start(AbstractEndpoint.java:978)
	at org.apache.coyote.AbstractProtocol.start(AbstractProtocol.java:628)
	at org.apache.catalina.connector.Connector.startInternal(Connector.java:993)
	at org.apache.catalina.util.LifecycleBase.start(LifecycleBase.java:150)
	at org.apache.catalina.core.StandardService.addConnector(StandardService.java:225)
	at org.springframework.boot.context.embedded.tomcat.TomcatEmbeddedServletContainer.addPreviouslyRemovedConnectors(TomcatEmbeddedServletContainer.java:247)
	at org.springframework.boot.context.embedded.tomcat.TomcatEmbeddedServletContainer.start(TomcatEmbeddedServletContainer.java:190)
	at org.springframework.boot.context.embedded.EmbeddedWebApplicationContext.startEmbeddedServletContainer(EmbeddedWebApplicationContext.java:297)
	at org.springframework.boot.context.embedded.EmbeddedWebApplicationContext.finishRefresh(EmbeddedWebApplicationContext.java:145)
	at org.springframework.context.support.AbstractApplicationContext.__refresh(AbstractApplicationContext.java:545)
	at org.springframework.context.support.AbstractApplicationContext.jrLockAndRefresh(AbstractApplicationContext.java)
	at org.springframework.context.support.AbstractApplicationContext.refresh(AbstractApplicationContext.java)
	at org.springframework.boot.context.embedded.EmbeddedWebApplicationContext.refresh(EmbeddedWebApplicationContext.java:122)
	at org.springframework.boot.SpringApplication.refresh(SpringApplication.java:737)
	at org.springframework.boot.SpringApplication.refreshContext(SpringApplication.java:370)
	at org.springframework.boot.SpringApplication.run(SpringApplication.java:314)
	at Application.main(Application.java:83)
2017-05-19 16:59:19,177 ERROR [main] StandardService: Failed to start connector [Connector[HTTP/1.1-9000]]
org.apache.catalina.LifecycleException: Failed to start component [Connector[HTTP/1.1-9000]]
	at org.apache.catalina.util.LifecycleBase.start(LifecycleBase.java:167)
	at org.apache.catalina.core.StandardService.addConnector(StandardService.java:225)
	at org.springframework.boot.context.embedded.tomcat.TomcatEmbeddedServletContainer.addPreviouslyRemovedConnectors(TomcatEmbeddedServletContainer.java:247)
	at org.springframework.boot.context.embedded.tomcat.TomcatEmbeddedServletContainer.start(TomcatEmbeddedServletContainer.java:190)
	at org.springframework.boot.context.embedded.EmbeddedWebApplicationContext.startEmbeddedServletContainer(EmbeddedWebApplicationContext.java:297)
	at org.springframework.boot.context.embedded.EmbeddedWebApplicationContext.finishRefresh(EmbeddedWebApplicationContext.java:145)
	at org.springframework.context.support.AbstractApplicationContext.__refresh(AbstractApplicationContext.java:545)
	at org.springframework.context.support.AbstractApplicationContext.jrLockAndRefresh(AbstractApplicationContext.java)
	at org.springframework.context.support.AbstractApplicationContext.refresh(AbstractApplicationContext.java)
	at org.springframework.boot.context.embedded.EmbeddedWebApplicationContext.refresh(EmbeddedWebApplicationContext.java:122)
	at org.springframework.boot.SpringApplication.refresh(SpringApplication.java:737)
	at org.springframework.boot.SpringApplication.refreshContext(SpringApplication.java:370)
	at org.springframework.boot.SpringApplication.run(SpringApplication.java:314)
	at Application.main(Application.java:83)
Caused by: org.apache.catalina.LifecycleException: service.getName(): "Tomcat";  Protocol handler start failed
	at org.apache.catalina.connector.Connector.startInternal(Connector.java:1000)
	at org.apache.catalina.util.LifecycleBase.start(LifecycleBase.java:150)
	... 13 common frames omitted
Caused by: java.net.BindException: Address already in use
	at sun.nio.ch.Net.bind0(Native Method)
	at sun.nio.ch.Net.bind(Net.java:433)
	at sun.nio.ch.Net.bind(Net.java:425)
	at sun.nio.ch.ServerSocketChannelImpl.bind(ServerSocketChannelImpl.java:223)
	at sun.nio.ch.ServerSocketAdaptor.bind(ServerSocketAdaptor.java:74)
	at org.apache.tomcat.util.net.NioEndpoint.bind(NioEndpoint.java:210)
	at org.apache.tomcat.util.net.AbstractEndpoint.start(AbstractEndpoint.java:978)
	at org.apache.coyote.AbstractProtocol.start(AbstractProtocol.java:628)
	at org.apache.catalina.connector.Connector.startInternal(Connector.java:993)
	... 14 common frames omitted
2017-05-19 16:59:19,239 ERROR [main] LoggingFailureAnalysisReporter: 

***************************
APPLICATION FAILED TO START
***************************

Description:

The Tomcat connector configured to listen on port 9000 failed to start. The port may already be in use or the connector may be misconfigured.

Action:

Verify the connector's configuration, identify and stop any process that's listening on port 9000, or configure this application to listen on another port.

2017-05-19 17:01:58,027 INFO  [main] Application: Starting Application on 172-13-7-223.lightspeed.mssnks.sbcglobal.net with PID 2589 (/Users/zhaoyawen/IdeaProjects/ChatEncrypt/chat/target/classes started by zhaoyawen in /Users/zhaoyawen/IdeaProjects/ChatEncrypt/chat)
2017-05-19 17:01:58,030 DEBUG [main] Application: Running with Spring Boot v1.5.3.RELEASE, Spring v4.3.8.RELEASE
2017-05-19 17:01:58,030 INFO  [main] Application: The following profiles are active: dev
2017-05-19 17:01:58,059 DEBUG [background-preinit] logging: Logging Provider: org.jboss.logging.Slf4jLoggerProvider found via system property
2017-05-19 17:02:01,091 INFO  [localhost-startStop-1] WebConfigurer: Web application configuration, using profiles: [dev]
2017-05-19 17:02:01,091 INFO  [localhost-startStop-1] WebConfigurer: Web application fully configured
2017-05-19 17:02:03,073 INFO  [main] Application: Running with Spring profile(s) : [dev]
2017-05-19 17:02:04,209 INFO  [main] WebSocketConfig: 注册spring websocket开始
2017-05-19 17:02:04,213 INFO  [main] WebSocketConfig: 注册spring websocket成功
2017-05-19 17:02:05,403 INFO  [main] Application: Started Application in 8.287 seconds (JVM running for 10.577)
2017-05-19 17:02:05,405 INFO  [main] Application: Access URLs:
----------------------------------------------------------
	Local: 		https://127.0.0.1:9000/chat
	External: 	https://172.13.7.223:9000/chat
----------------------------------------------------------
2017-05-19 17:03:18,356 DEBUG [https-jsse-nio-9000-exec-1] HandshakeInterceptor: 握手前...null
2017-05-19 17:03:18,394 DEBUG [https-jsse-nio-9000-exec-1] HandshakeInterceptor: 握手后...
2017-05-19 17:03:18,414 DEBUG [https-jsse-nio-9000-exec-1] SystemWebSocketHandler: 链接webSocket成功
2017-05-19 17:03:30,291 DEBUG [https-jsse-nio-9000-exec-10] HandshakeInterceptor: 握手前...null
2017-05-19 17:03:30,292 DEBUG [https-jsse-nio-9000-exec-10] HandshakeInterceptor: 握手后...
2017-05-19 17:03:30,293 DEBUG [https-jsse-nio-9000-exec-10] SystemWebSocketHandler: 链接webSocket成功
2017-05-19 17:06:26,765 DEBUG [https-jsse-nio-9000-exec-8] SystemWebSocketHandler: WebSocket出错！
2017-05-19 17:06:26,766 DEBUG [https-jsse-nio-9000-exec-8] SystemWebSocketHandler: WebSocket关闭！
2017-05-19 17:06:26,887 DEBUG [https-jsse-nio-9000-exec-4] HandshakeInterceptor: 握手前...null
2017-05-19 17:06:26,889 DEBUG [https-jsse-nio-9000-exec-4] HandshakeInterceptor: 握手后...
2017-05-19 17:06:26,890 DEBUG [https-jsse-nio-9000-exec-4] SystemWebSocketHandler: 链接webSocket成功
2017-05-19 17:06:27,922 DEBUG [https-jsse-nio-9000-exec-7] SystemWebSocketHandler: WebSocket出错！
2017-05-19 17:06:27,923 DEBUG [https-jsse-nio-9000-exec-7] SystemWebSocketHandler: WebSocket关闭！
2017-05-19 17:06:28,112 DEBUG [https-jsse-nio-9000-exec-3] HandshakeInterceptor: 握手前...null
2017-05-19 17:06:28,113 DEBUG [https-jsse-nio-9000-exec-3] HandshakeInterceptor: 握手后...
2017-05-19 17:06:28,114 DEBUG [https-jsse-nio-9000-exec-3] SystemWebSocketHandler: 链接webSocket成功
2017-05-19 17:07:23,883 DEBUG [https-jsse-nio-9000-exec-1] SystemWebSocketHandler: WebSocket出错！
2017-05-19 17:07:23,884 DEBUG [https-jsse-nio-9000-exec-1] SystemWebSocketHandler: WebSocket关闭！
2017-05-19 17:07:24,058 DEBUG [https-jsse-nio-9000-exec-6] HandshakeInterceptor: 握手前...null
2017-05-19 17:07:24,060 DEBUG [https-jsse-nio-9000-exec-6] HandshakeInterceptor: 握手后...
2017-05-19 17:07:24,061 DEBUG [https-jsse-nio-9000-exec-6] SystemWebSocketHandler: 链接webSocket成功
2017-05-19 17:08:17,933 DEBUG [https-jsse-nio-9000-exec-7] SystemWebSocketHandler: WebSocket出错！
2017-05-19 17:08:17,933 DEBUG [https-jsse-nio-9000-exec-7] SystemWebSocketHandler: WebSocket关闭！
2017-05-19 17:08:18,122 DEBUG [https-jsse-nio-9000-exec-9] HandshakeInterceptor: 握手前...null
2017-05-19 17:08:18,124 DEBUG [https-jsse-nio-9000-exec-9] HandshakeInterceptor: 握手后...
2017-05-19 17:08:18,125 DEBUG [https-jsse-nio-9000-exec-9] SystemWebSocketHandler: 链接webSocket成功
2017-05-19 17:09:17,264 DEBUG [https-jsse-nio-9000-exec-4] SystemWebSocketHandler: WebSocket关闭！
2017-05-19 17:09:17,363 DEBUG [https-jsse-nio-9000-exec-10] HandshakeInterceptor: 握手前...null
2017-05-19 17:09:17,364 DEBUG [https-jsse-nio-9000-exec-10] HandshakeInterceptor: 握手后...
2017-05-19 17:09:17,365 DEBUG [https-jsse-nio-9000-exec-10] SystemWebSocketHandler: 链接webSocket成功
2017-05-19 17:09:27,930 DEBUG [https-jsse-nio-9000-exec-6] HandshakeInterceptor: 握手前...null
2017-05-19 17:09:27,932 DEBUG [https-jsse-nio-9000-exec-6] HandshakeInterceptor: 握手后...
2017-05-19 17:09:27,932 DEBUG [https-jsse-nio-9000-exec-6] SystemWebSocketHandler: 链接webSocket成功
2017-05-19 17:09:30,099 DEBUG [https-jsse-nio-9000-exec-1] SystemWebSocketHandler: WebSocket出错！
2017-05-19 17:09:30,099 DEBUG [https-jsse-nio-9000-exec-8] SystemWebSocketHandler: WebSocket出错！
2017-05-19 17:09:30,099 DEBUG [https-jsse-nio-9000-exec-1] SystemWebSocketHandler: WebSocket关闭！
2017-05-19 17:09:30,099 DEBUG [https-jsse-nio-9000-exec-8] SystemWebSocketHandler: WebSocket关闭！
2017-05-19 17:09:30,236 DEBUG [https-jsse-nio-9000-exec-5] HandshakeInterceptor: 握手前...null
2017-05-19 17:09:30,237 DEBUG [https-jsse-nio-9000-exec-5] HandshakeInterceptor: 握手后...
2017-05-19 17:09:30,238 DEBUG [https-jsse-nio-9000-exec-5] SystemWebSocketHandler: 链接webSocket成功
2017-05-19 17:09:33,710 DEBUG [https-jsse-nio-9000-exec-6] SystemWebSocketHandler: WebSocket出错！
2017-05-19 17:09:33,710 DEBUG [https-jsse-nio-9000-exec-6] SystemWebSocketHandler: WebSocket关闭！
2017-05-19 17:09:33,881 DEBUG [https-jsse-nio-9000-exec-4] HandshakeInterceptor: 握手前...null
2017-05-19 17:09:33,883 DEBUG [https-jsse-nio-9000-exec-4] HandshakeInterceptor: 握手后...
2017-05-19 17:09:33,884 DEBUG [https-jsse-nio-9000-exec-4] SystemWebSocketHandler: 链接webSocket成功
2017-05-19 17:12:13,574 DEBUG [https-jsse-nio-9000-exec-1] SystemWebSocketHandler: WebSocket出错！
2017-05-19 17:12:13,574 DEBUG [https-jsse-nio-9000-exec-1] SystemWebSocketHandler: WebSocket关闭！
2017-05-19 17:12:13,775 DEBUG [https-jsse-nio-9000-exec-3] HandshakeInterceptor: 握手前...null
2017-05-19 17:12:13,778 DEBUG [https-jsse-nio-9000-exec-3] HandshakeInterceptor: 握手后...
2017-05-19 17:12:13,779 DEBUG [https-jsse-nio-9000-exec-3] SystemWebSocketHandler: 链接webSocket成功
2017-05-19 17:12:14,806 DEBUG [https-jsse-nio-9000-exec-5] SystemWebSocketHandler: WebSocket出错！
2017-05-19 17:12:14,806 DEBUG [https-jsse-nio-9000-exec-5] SystemWebSocketHandler: WebSocket关闭！
2017-05-19 17:12:14,988 DEBUG [https-jsse-nio-9000-exec-9] HandshakeInterceptor: 握手前...null
2017-05-19 17:12:14,989 DEBUG [https-jsse-nio-9000-exec-9] HandshakeInterceptor: 握手后...
2017-05-19 17:12:14,990 DEBUG [https-jsse-nio-9000-exec-9] SystemWebSocketHandler: 链接webSocket成功
